0 info it worked if it ends with ok
1 verbose cli [ 'C:\\Program Files\\nodejs\\node.exe',
1 verbose cli   'C:\\Program Files\\nodejs\\node_modules\\npm\\bin\\npm-cli.js',
1 verbose cli   'install',
1 verbose cli   'grunt-lineending',
1 verbose cli   '--save-dev' ]
2 info using npm@2.14.20
3 info using node@v4.4.1
4 verbose install initial load of D:\dz\tamtamlg.github.io\js22\package.json
5 warn package.json js22@1.0.0 No description
6 warn package.json js22@1.0.0 No repository field.
7 warn package.json js22@1.0.0 No README data
8 verbose installManyTop reading scoped package data from D:\dz\tamtamlg.github.io\js22\node_modules\babel-cli\package.json
9 verbose installManyTop reading scoped package data from D:\dz\tamtamlg.github.io\js22\node_modules\babel-preset-es2015\package.json
10 verbose installManyTop reading scoped package data from D:\dz\tamtamlg.github.io\js22\node_modules\grunt\package.json
11 verbose installManyTop reading scoped package data from D:\dz\tamtamlg.github.io\js22\node_modules\grunt-babel\package.json
12 verbose installManyTop reading scoped package data from D:\dz\tamtamlg.github.io\js22\node_modules\load-grunt-tasks\package.json
13 verbose readDependencies loading dependencies from D:\dz\tamtamlg.github.io\js22\package.json
14 silly cache add args [ 'grunt-lineending', null ]
15 verbose cache add spec grunt-lineending
16 silly cache add parsed spec Result {
16 silly cache add   raw: 'grunt-lineending',
16 silly cache add   scope: null,
16 silly cache add   name: 'grunt-lineending',
16 silly cache add   rawSpec: '',
16 silly cache add   spec: 'latest',
16 silly cache add   type: 'tag' }
17 silly addNamed grunt-lineending@latest
18 verbose addNamed "latest" is being treated as a dist-tag for grunt-lineending
19 info addNameTag [ 'grunt-lineending', 'latest' ]
20 silly mapToRegistry name grunt-lineending
21 silly mapToRegistry using default registry
22 silly mapToRegistry registry https://registry.npmjs.org/
23 silly mapToRegistry uri https://registry.npmjs.org/grunt-lineending
24 verbose addNameTag registry:https://registry.npmjs.org/grunt-lineending not in flight; fetching
25 verbose request uri https://registry.npmjs.org/grunt-lineending
26 verbose request no auth needed
27 info attempt registry request try #1 at 15:56:41
28 verbose request id fd10c54832694f61
29 http request GET https://registry.npmjs.org/grunt-lineending
30 http 200 https://registry.npmjs.org/grunt-lineending
31 verbose headers { server: 'CouchDB/1.5.0 (Erlang OTP/R16B03)',
31 verbose headers   etag: '"DTS6JQDEHZS4VETFQRROEBZ7V"',
31 verbose headers   'content-type': 'application/json',
31 verbose headers   'content-encoding': 'gzip',
31 verbose headers   'cache-control': 'max-age=300',
31 verbose headers   'content-length': '3015',
31 verbose headers   'accept-ranges': 'bytes',
31 verbose headers   date: 'Sat, 21 May 2016 12:56:38 GMT',
31 verbose headers   via: '1.1 varnish',
31 verbose headers   age: '0',
31 verbose headers   connection: 'keep-alive',
31 verbose headers   'x-served-by': 'cache-fra1229-FRA',
31 verbose headers   'x-cache': 'MISS',
31 verbose headers   'x-cache-hits': '0',
31 verbose headers   'x-timer': 'S1463835398.334324,VS0,VE111',
31 verbose headers   vary: 'Accept-Encoding' }
32 silly get cb [ 200,
32 silly get   { server: 'CouchDB/1.5.0 (Erlang OTP/R16B03)',
32 silly get     etag: '"DTS6JQDEHZS4VETFQRROEBZ7V"',
32 silly get     'content-type': 'application/json',
32 silly get     'content-encoding': 'gzip',
32 silly get     'cache-control': 'max-age=300',
32 silly get     'content-length': '3015',
32 silly get     'accept-ranges': 'bytes',
32 silly get     date: 'Sat, 21 May 2016 12:56:38 GMT',
32 silly get     via: '1.1 varnish',
32 silly get     age: '0',
32 silly get     connection: 'keep-alive',
32 silly get     'x-served-by': 'cache-fra1229-FRA',
32 silly get     'x-cache': 'MISS',
32 silly get     'x-cache-hits': '0',
32 silly get     'x-timer': 'S1463835398.334324,VS0,VE111',
32 silly get     vary: 'Accept-Encoding' } ]
33 verbose get saving grunt-lineending to C:\Users\Tamtamlg\AppData\Roaming\npm-cache\registry.npmjs.org\grunt-lineending\.cache.json
34 verbose correctMkdir C:\Users\Tamtamlg\AppData\Roaming\npm-cache correctMkdir not in flight; initializing
35 silly addNameTag next cb for grunt-lineending with tag latest
36 silly addNamed grunt-lineending@0.2.4
37 verbose addNamed "0.2.4" is a plain semver version for grunt-lineending
38 silly mapToRegistry name grunt-lineending
39 silly mapToRegistry using default registry
40 silly mapToRegistry registry https://registry.npmjs.org/
41 silly mapToRegistry uri https://registry.npmjs.org/grunt-lineending
42 verbose addRemoteTarball https://registry.npmjs.org/grunt-lineending/-/grunt-lineending-0.2.4.tgz not in flight; adding
43 verbose addRemoteTarball [ 'https://registry.npmjs.org/grunt-lineending/-/grunt-lineending-0.2.4.tgz',
43 verbose addRemoteTarball   '8b600d37ac5e10f43ac0331c2cd33914e2af7291' ]
44 info retry fetch attempt 1 at 15:56:42
45 info attempt registry request try #1 at 15:56:42
46 http fetch GET https://registry.npmjs.org/grunt-lineending/-/grunt-lineending-0.2.4.tgz
47 http fetch 200 https://registry.npmjs.org/grunt-lineending/-/grunt-lineending-0.2.4.tgz
48 silly fetchAndShaCheck shasum 8b600d37ac5e10f43ac0331c2cd33914e2af7291
49 verbose addTmpTarball C:\Users\Tamtamlg\AppData\Local\Temp\npm-3536-f242d363\registry.npmjs.org\grunt-lineending\-\grunt-lineending-0.2.4.tgz not in flight; adding
50 verbose addTmpTarball already have metadata; skipping unpack for grunt-lineending@0.2.4
51 verbose correctMkdir C:\Users\Tamtamlg\AppData\Roaming\npm-cache correctMkdir not in flight; initializing
52 silly cache afterAdd grunt-lineending@0.2.4
53 verbose afterAdd C:\Users\Tamtamlg\AppData\Roaming\npm-cache\grunt-lineending\0.2.4\package\package.json not in flight; writing
54 verbose correctMkdir C:\Users\Tamtamlg\AppData\Roaming\npm-cache correctMkdir not in flight; initializing
55 verbose afterAdd C:\Users\Tamtamlg\AppData\Roaming\npm-cache\grunt-lineending\0.2.4\package\package.json written
56 silly install resolved [ { name: 'grunt-lineending',
56 silly install resolved     description: 'Convert line ending',
56 silly install resolved     version: '0.2.4',
56 silly install resolved     homepage: 'https://github.com/suisho/grunt-lineending',
56 silly install resolved     author: { name: 'suisho', email: 'suisho000000@gmail.com' },
56 silly install resolved     repository:
56 silly install resolved      { type: 'git',
56 silly install resolved        url: 'git://github.com/suisho/grunt-lineending.git' },
56 silly install resolved     bugs: { url: 'https://github.com/suisho/grunt-lineending/issues' },
56 silly install resolved     licenses: [ [Object] ],
56 silly install resolved     main: 'Gruntfile.js',
56 silly install resolved     engines: { node: '>= 0.8.0' },
56 silly install resolved     scripts: { test: 'grunt test' },
56 silly install resolved     devDependencies:
56 silly install resolved      { 'grunt-contrib-jshint': '~0.1.1',
56 silly install resolved        'grunt-contrib-clean': '~0.4.0',
56 silly install resolved        'grunt-contrib-nodeunit': '~0.1.2',
56 silly install resolved        grunt: '~0.4.0' },
56 silly install resolved     peerDependencies: { grunt: '~0.4.0' },
56 silly install resolved     keywords: [ 'gruntplugin', 'eol', 'lineending', 'linefeed', 'crlf' ],
56 silly install resolved     gitHead: '6b61e40e49c9b780ece918a2403f228bb9120629',
56 silly install resolved     _id: 'grunt-lineending@0.2.4',
56 silly install resolved     _shasum: '8b600d37ac5e10f43ac0331c2cd33914e2af7291',
56 silly install resolved     _from: 'grunt-lineending@latest',
56 silly install resolved     _npmVersion: '2.1.4',
56 silly install resolved     _nodeVersion: '0.10.32',
56 silly install resolved     _npmUser: { name: 'suisho', email: 'suisho000000@gmail.com' },
56 silly install resolved     maintainers: [ [Object] ],
56 silly install resolved     dist:
56 silly install resolved      { shasum: '8b600d37ac5e10f43ac0331c2cd33914e2af7291',
56 silly install resolved        tarball: 'https://registry.npmjs.org/grunt-lineending/-/grunt-lineending-0.2.4.tgz' },
56 silly install resolved     directories: {},
56 silly install resolved     _resolved: 'https://registry.npmjs.org/grunt-lineending/-/grunt-lineending-0.2.4.tgz' } ]
57 info install grunt-lineending@0.2.4 into D:\dz\tamtamlg.github.io\js22
58 info installOne grunt-lineending@0.2.4
59 verbose installOne of grunt-lineending to D:\dz\tamtamlg.github.io\js22 not in flight; installing
60 verbose correctMkdir C:\Users\Tamtamlg\AppData\Roaming\npm-cache\_locks correctMkdir not in flight; initializing
61 verbose lock using C:\Users\Tamtamlg\AppData\Roaming\npm-cache\_locks\grunt-lineending-d3d2183b185b8782.lock for D:\dz\tamtamlg.github.io\js22\node_modules\grunt-lineending
62 silly install write writing grunt-lineending 0.2.4 to D:\dz\tamtamlg.github.io\js22\node_modules\grunt-lineending
63 verbose unbuild node_modules\grunt-lineending
64 silly gentlyRm D:\dz\tamtamlg.github.io\js22\node_modules\grunt-lineending is being purged from base D:\dz\tamtamlg.github.io\js22
65 verbose gentlyRm don't care about contents; nuking D:\dz\tamtamlg.github.io\js22\node_modules\grunt-lineending
66 verbose tar unpack C:\Users\Tamtamlg\AppData\Roaming\npm-cache\grunt-lineending\0.2.4\package.tgz
67 verbose tar unpacking to D:\dz\tamtamlg.github.io\js22\node_modules\grunt-lineending
68 silly gentlyRm D:\dz\tamtamlg.github.io\js22\node_modules\grunt-lineending is being purged
69 verbose gentlyRm don't care about contents; nuking D:\dz\tamtamlg.github.io\js22\node_modules\grunt-lineending
70 silly gunzTarPerm modes [ '777', '666' ]
71 silly gunzTarPerm extractEntry package.json
72 silly gunzTarPerm modified mode [ 'package.json', 420, 438 ]
73 silly gunzTarPerm extractEntry .npmignore
74 silly gunzTarPerm modified mode [ '.npmignore', 420, 438 ]
75 silly gunzTarPerm extractEntry README.md
76 silly gunzTarPerm modified mode [ 'README.md', 420, 438 ]
77 silly gunzTarPerm extractEntry Gruntfile.js
78 silly gunzTarPerm modified mode [ 'Gruntfile.js', 420, 438 ]
79 silly gunzTarPerm extractEntry .gitattributes
80 silly gunzTarPerm modified mode [ '.gitattributes', 420, 438 ]
81 silly gunzTarPerm extractEntry .travis.yml
82 silly gunzTarPerm modified mode [ '.travis.yml', 420, 438 ]
83 silly gunzTarPerm extractEntry LICENSE-MIT
84 silly gunzTarPerm modified mode [ 'LICENSE-MIT', 420, 438 ]
85 silly gunzTarPerm extractEntry fixture/dos.txt
86 silly gunzTarPerm modified mode [ 'fixture/dos.txt', 420, 438 ]
87 silly gunzTarPerm extractEntry fixture/less/bee.less
88 silly gunzTarPerm modified mode [ 'fixture/less/bee.less', 420, 438 ]
89 silly gunzTarPerm extractEntry fixture/less/foo.less
90 silly gunzTarPerm modified mode [ 'fixture/less/foo.less', 420, 438 ]
91 silly gunzTarPerm extractEntry fixture/unix.txt
92 silly gunzTarPerm modified mode [ 'fixture/unix.txt', 420, 438 ]
93 silly gunzTarPerm extractEntry tasks/lineending.js
94 silly gunzTarPerm modified mode [ 'tasks/lineending.js', 420, 438 ]
95 silly gunzTarPerm extractEntry test/lineending_test.js
96 silly gunzTarPerm modified mode [ 'test/lineending_test.js', 420, 438 ]
97 silly gunzTarPerm extractEntry test/expected/cr
98 silly gunzTarPerm modified mode [ 'test/expected/cr', 420, 438 ]
99 silly gunzTarPerm extractEntry test/expected/crlf
100 silly gunzTarPerm modified mode [ 'test/expected/crlf', 420, 438 ]
101 silly gunzTarPerm extractEntry test/expected/lf
102 silly gunzTarPerm modified mode [ 'test/expected/lf', 420, 438 ]
103 silly gunzTarPerm extractEntry test/expected/multi/baz
104 silly gunzTarPerm modified mode [ 'test/expected/multi/baz', 420, 438 ]
105 silly gunzTarPerm extractEntry test/expected/multi/foo
106 silly gunzTarPerm modified mode [ 'test/expected/multi/foo', 420, 438 ]
107 silly gunzTarPerm extractEntry test/expected/multi_cat
108 silly gunzTarPerm modified mode [ 'test/expected/multi_cat', 420, 438 ]
109 silly gunzTarPerm extractEntry test/expected/nested/level1/level2/nest_two
110 silly gunzTarPerm modified mode [ 'test/expected/nested/level1/level2/nest_two', 420, 438 ]
111 silly gunzTarPerm extractEntry test/expected/nested/level1/nest_one
112 silly gunzTarPerm modified mode [ 'test/expected/nested/level1/nest_one', 420, 438 ]
113 silly gunzTarPerm extractEntry test/expected/nested/one
114 silly gunzTarPerm modified mode [ 'test/expected/nested/one', 420, 438 ]
115 silly gunzTarPerm extractEntry test/fixtures/cr
116 silly gunzTarPerm modified mode [ 'test/fixtures/cr', 420, 438 ]
117 silly gunzTarPerm extractEntry test/fixtures/crlf
118 silly gunzTarPerm modified mode [ 'test/fixtures/crlf', 420, 438 ]
119 silly gunzTarPerm extractEntry test/fixtures/lf
120 silly gunzTarPerm modified mode [ 'test/fixtures/lf', 420, 438 ]
121 silly gunzTarPerm extractEntry test/fixtures/multi/baz
122 silly gunzTarPerm modified mode [ 'test/fixtures/multi/baz', 420, 438 ]
123 silly gunzTarPerm extractEntry test/fixtures/multi/foo
124 silly gunzTarPerm modified mode [ 'test/fixtures/multi/foo', 420, 438 ]
125 silly gunzTarPerm extractEntry test/fixtures/nested/level1/level2/nest_two
126 silly gunzTarPerm modified mode [ 'test/fixtures/nested/level1/level2/nest_two', 420, 438 ]
127 silly gunzTarPerm extractEntry test/fixtures/nested/level1/nest_one
128 silly gunzTarPerm modified mode [ 'test/fixtures/nested/level1/nest_one', 420, 438 ]
129 silly gunzTarPerm extractEntry test/fixtures/nested/one
130 silly gunzTarPerm modified mode [ 'test/fixtures/nested/one', 420, 438 ]
131 verbose write writing to D:\dz\tamtamlg.github.io\js22\node_modules\grunt-lineending\package.json
132 info preinstall grunt-lineending@0.2.4
133 verbose readDependencies loading dependencies from D:\dz\tamtamlg.github.io\js22\node_modules\grunt-lineending\package.json
134 silly prepareForInstallMany adding grunt@~0.4.0 from grunt-lineending peerDependencies
135 warn peerDependencies The peer dependency grunt@~0.4.0 included from grunt-lineending will no
136 warn peerDependencies longer be automatically installed to fulfill the peerDependency
137 warn peerDependencies in npm 3+. Your application will need to depend on it explicitly.
138 verbose readDependencies loading dependencies from D:\dz\tamtamlg.github.io\js22\node_modules\grunt-lineending\package.json
139 silly install resolved []
140 verbose about to build D:\dz\tamtamlg.github.io\js22\node_modules\grunt-lineending
141 info build D:\dz\tamtamlg.github.io\js22\node_modules\grunt-lineending
142 info linkStuff grunt-lineending@0.2.4
143 silly linkStuff grunt-lineending@0.2.4 has D:\dz\tamtamlg.github.io\js22\node_modules as its parent node_modules
144 verbose linkBins grunt-lineending@0.2.4
145 verbose linkMans grunt-lineending@0.2.4
146 verbose rebuildBundles grunt-lineending@0.2.4
147 info install grunt-lineending@0.2.4
148 info postinstall grunt-lineending@0.2.4
149 verbose readDependencies loading dependencies from D:\dz\tamtamlg.github.io\js22\package.json
150 verbose targetResolver reading package data from D:\dz\tamtamlg.github.io\js22\node_modules\babel-cli\package.json
151 verbose targetResolver reading package data from D:\dz\tamtamlg.github.io\js22\node_modules\babel-preset-es2015\package.json
152 verbose targetResolver reading package data from D:\dz\tamtamlg.github.io\js22\node_modules\grunt\package.json
153 verbose targetResolver reading package data from D:\dz\tamtamlg.github.io\js22\node_modules\grunt-babel\package.json
154 verbose targetResolver reading package data from D:\dz\tamtamlg.github.io\js22\node_modules\grunt-lineending\package.json
155 verbose targetResolver reading package data from D:\dz\tamtamlg.github.io\js22\node_modules\load-grunt-tasks\package.json
156 verbose targetResolver reading package data from D:\dz\tamtamlg.github.io\js22\node_modules\.bin\babel\package.json
157 verbose targetResolver reading package data from D:\dz\tamtamlg.github.io\js22\node_modules\.bin\babel-doctor\package.json
158 verbose targetResolver reading package data from D:\dz\tamtamlg.github.io\js22\node_modules\.bin\babel-doctor.cmd\package.json
159 verbose targetResolver reading package data from D:\dz\tamtamlg.github.io\js22\node_modules\.bin\babel-external-helpers\package.json
160 verbose targetResolver reading package data from D:\dz\tamtamlg.github.io\js22\node_modules\.bin\babel-external-helpers.cmd\package.json
161 verbose targetResolver reading package data from D:\dz\tamtamlg.github.io\js22\node_modules\.bin\babel-node\package.json
162 verbose targetResolver reading package data from D:\dz\tamtamlg.github.io\js22\node_modules\.bin\babel-node.cmd\package.json
163 verbose targetResolver reading package data from D:\dz\tamtamlg.github.io\js22\node_modules\.bin\babel.cmd\package.json
164 verbose targetResolver reading package data from D:\dz\tamtamlg.github.io\js22\node_modules\.bin\grunt\package.json
165 verbose targetResolver reading package data from D:\dz\tamtamlg.github.io\js22\node_modules\.bin\grunt.cmd\package.json
166 verbose already installed skipping grunt@~0.4.0 D:\dz\tamtamlg.github.io\js22
167 silly install resolved []
168 verbose unlock done using C:\Users\Tamtamlg\AppData\Roaming\npm-cache\_locks\grunt-lineending-d3d2183b185b8782.lock for D:\dz\tamtamlg.github.io\js22\node_modules\grunt-lineending
169 verbose validateInstall loading D:\dz\tamtamlg.github.io\js22\package.json for validation
170 verbose stack Error: The package grunt@1.0.1 does not satisfy its siblings' peerDependencies requirements!
170 verbose stack     at C:\Program Files\nodejs\node_modules\npm\lib\install.js:125:32
170 verbose stack     at C:\Program Files\nodejs\node_modules\npm\lib\install.js:268:7
170 verbose stack     at C:\Program Files\nodejs\node_modules\npm\node_modules\read-installed\read-installed.js:142:5
170 verbose stack     at C:\Program Files\nodejs\node_modules\npm\node_modules\read-installed\read-installed.js:263:14
170 verbose stack     at cb (C:\Program Files\nodejs\node_modules\npm\node_modules\slide\lib\async-map.js:47:24)
170 verbose stack     at C:\Program Files\nodejs\node_modules\npm\node_modules\read-installed\read-installed.js:263:14
170 verbose stack     at cb (C:\Program Files\nodejs\node_modules\npm\node_modules\slide\lib\async-map.js:47:24)
170 verbose stack     at C:\Program Files\nodejs\node_modules\npm\node_modules\read-installed\read-installed.js:263:14
170 verbose stack     at cb (C:\Program Files\nodejs\node_modules\npm\node_modules\slide\lib\async-map.js:47:24)
170 verbose stack     at C:\Program Files\nodejs\node_modules\npm\node_modules\read-installed\read-installed.js:263:14
171 verbose cwd D:\dz\tamtamlg.github.io\js22
172 error Windows_NT 10.0.10586
173 error argv "C:\\Program Files\\nodejs\\node.exe" "C:\\Program Files\\nodejs\\node_modules\\npm\\bin\\npm-cli.js" "install" "grunt-lineending" "--save-dev"
174 error node v4.4.1
175 error npm  v2.14.20
176 error code EPEERINVALID
177 error peerinvalid The package grunt@1.0.1 does not satisfy its siblings' peerDependencies requirements!
177 error peerinvalid Peer grunt-lineending@0.2.4 wants grunt@~0.4.0
177 error peerinvalid Peer load-grunt-tasks@3.5.0 wants grunt@>=0.4.0
178 verbose exit [ 1, true ]
